\BOOKMARK [0][-]{chapter.1}{\376\377\000A\000b\000o\000u\000t\000\040\000i\000-\000P\000I}{}% 1
\BOOKMARK [1][-]{section.1.1}{\376\377\000M\000a\000n\000u\000a\000l\000\040\000s\000t\000r\000u\000c\000t\000u\000r\000e}{chapter.1}% 2
\BOOKMARK [1][-]{section.1.2}{\376\377\000P\000a\000t\000h\000\040\000I\000n\000t\000e\000g\000r\000a\000l\000\040\000M\000o\000l\000e\000c\000u\000l\000a\000r\000\040\000D\000y\000n\000a\000m\000i\000c\000s}{chapter.1}% 3
\BOOKMARK [1][-]{section.1.3}{\376\377\000I\000m\000p\000l\000e\000m\000e\000n\000t\000a\000t\000i\000o\000n}{chapter.1}% 4
\BOOKMARK [2][-]{subsection.1.3.1}{\376\377\000A\000u\000t\000o\000m\000a\000t\000e\000d\000\040\000e\000v\000a\000l\000u\000a\000t\000i\000o\000n\000\040\000\050\000d\000e\000p\000e\000n\000d\000\040\000o\000b\000j\000e\000c\000t\000s\000\051}{section.1.3}% 5
\BOOKMARK [2][-]{subsection.1.3.2}{\376\377\000F\000o\000r\000c\000e\000\040\000e\000v\000a\000l\000u\000a\000t\000i\000o\000n}{section.1.3}% 6
\BOOKMARK [2][-]{subsection.1.3.3}{\376\377\000C\000o\000m\000m\000u\000n\000i\000c\000a\000t\000i\000o\000n\000\040\000p\000r\000o\000t\000o\000c\000o\000l}{section.1.3}% 7
\BOOKMARK [2][-]{subsection.1.3.4}{\376\377\000I\000n\000t\000e\000r\000n\000a\000l\000\040\000u\000n\000i\000t\000s}{section.1.3}% 8
\BOOKMARK [1][-]{section.1.4}{\376\377\000C\000o\000r\000e\000\040\000f\000e\000a\000t\000u\000r\000e\000s}{chapter.1}% 9
\BOOKMARK [1][-]{section.1.5}{\376\377\000L\000i\000c\000e\000n\000c\000e\000\040\000a\000n\000d\000\040\000c\000r\000e\000d\000i\000t\000s}{chapter.1}% 10
\BOOKMARK [2][-]{subsection.1.5.1}{\376\377\000C\000o\000n\000t\000r\000i\000b\000u\000t\000o\000r\000s}{section.1.5}% 11
\BOOKMARK [1][-]{section.1.6}{\376\377\000O\000n\000-\000l\000i\000n\000e\000\040\000r\000e\000s\000o\000u\000r\000c\000e\000s}{chapter.1}% 12
\BOOKMARK [2][-]{subsection.1.6.1}{\376\377\000P\000y\000t\000h\000o\000n\000\040\000r\000e\000s\000o\000u\000r\000c\000e\000s}{section.1.6}% 13
\BOOKMARK [2][-]{subsection.1.6.2}{\376\377\000C\000l\000i\000e\000n\000t\000\040\000c\000o\000d\000e\000\040\000r\000e\000s\000o\000u\000r\000c\000e\000s}{section.1.6}% 14
\BOOKMARK [2][-]{subsection.1.6.3}{\376\377\000i\000-\000P\000I\000\040\000r\000e\000s\000o\000u\000r\000c\000e\000s}{section.1.6}% 15
\BOOKMARK [0][-]{chapter.2}{\376\377\000G\000e\000t\000t\000i\000n\000g\000\040\000s\000t\000a\000r\000t\000e\000d}{}% 16
\BOOKMARK [1][-]{section.2.1}{\376\377\000I\000n\000s\000t\000a\000l\000l\000i\000n\000g\000\040\000i\000-\000P\000I}{chapter.2}% 17
\BOOKMARK [2][-]{subsection.2.1.1}{\376\377\000R\000e\000q\000u\000i\000r\000e\000m\000e\000n\000t\000s}{section.2.1}% 18
\BOOKMARK [3][-]{subsubsection.2.1.1.1}{\376\377\000U\000s\000i\000n\000g\000\040\000t\000h\000e\000\040\000s\000e\000t\000u\000p\000.\000p\000y\000\040\000m\000o\000d\000u\000l\000e}{subsection.2.1.1}% 19
\BOOKMARK [2][-]{subsection.2.1.2}{\376\377\000i\000-\000P\000I\000\040\000d\000o\000w\000n\000l\000o\000a\000d}{section.2.1}% 20
\BOOKMARK [2][-]{subsection.2.1.3}{\376\377\000I\000n\000s\000t\000a\000l\000l\000i\000n\000g\000\040\000N\000u\000m\000P\000y}{section.2.1}% 21
\BOOKMARK [2][-]{subsection.2.1.4}{\376\377\000P\000y\000F\000F\000T\000W}{section.2.1}% 22
\BOOKMARK [1][-]{section.2.2}{\376\377\000I\000n\000s\000t\000a\000l\000l\000i\000n\000g\000\040\000c\000l\000i\000e\000n\000t\000s}{chapter.2}% 23
\BOOKMARK [2][-]{subsection.2.2.1}{\376\377\000P\000a\000t\000c\000h\000i\000n\000g\000\040\000C\000P\0002\000K}{section.2.2}% 24
\BOOKMARK [2][-]{subsection.2.2.2}{\376\377\000P\000a\000t\000c\000h\000i\000n\000g\000\040\000Q\000u\000a\000n\000t\000u\000m\000-\000E\000s\000p\000r\000e\000s\000s\000o}{section.2.2}% 25
\BOOKMARK [2][-]{subsection.2.2.3}{\376\377\000P\000a\000t\000c\000h\000i\000n\000g\000\040\000L\000A\000M\000M\000P\000S}{section.2.2}% 26
\BOOKMARK [2][-]{subsection.2.2.4}{\376\377\000W\000r\000i\000t\000i\000n\000g\000\040\000a\000\040\000p\000a\000t\000c\000h}{section.2.2}% 27
\BOOKMARK [1][-]{section.2.3}{\376\377\000R\000u\000n\000n\000i\000n\000g\000\040\000i\000-\000P\000I}{chapter.2}% 28
\BOOKMARK [2][-]{subsection.2.3.1}{\376\377\000R\000u\000n\000n\000i\000n\000g\000\040\000t\000h\000e\000\040\000i\000-\000P\000I\000\040\000s\000e\000r\000v\000e\000r}{section.2.3}% 29
\BOOKMARK [2][-]{subsection.2.3.2}{\376\377\000R\000u\000n\000n\000i\000n\000g\000\040\000t\000h\000e\000\040\000c\000l\000i\000e\000n\000t\000\040\000c\000o\000d\000e}{section.2.3}% 30
\BOOKMARK [3][-]{subsubsection.2.3.2.1}{\376\377\000B\000u\000i\000l\000t\000-\000i\000n\000,\000\040\000e\000x\000a\000m\000p\000l\000e\000\040\000c\000l\000i\000e\000n\000t}{subsection.2.3.2}% 31
\BOOKMARK [3][-]{subsubsection.2.3.2.2}{\376\377\000C\000P\0002\000K}{subsection.2.3.2}% 32
\BOOKMARK [3][-]{subsubsection.2.3.2.3}{\376\377\000Q\000u\000a\000n\000t\000u\000m\000-\000E\000s\000p\000r\000e\000s\000s\000o}{subsection.2.3.2}% 33
\BOOKMARK [3][-]{subsubsection.2.3.2.4}{\376\377\000L\000A\000M\000M\000P\000S}{subsection.2.3.2}% 34
\BOOKMARK [2][-]{subsection.2.3.3}{\376\377\000R\000u\000n\000n\000i\000n\000g\000\040\000o\000n\000\040\000a\000\040\000H\000P\000C\000\040\000s\000y\000s\000t\000e\000m}{section.2.3}% 35
\BOOKMARK [1][-]{section.2.4}{\376\377\000T\000e\000s\000t\000i\000n\000g\000\040\000t\000h\000e\000\040\000i\000n\000s\000t\000a\000l\000l}{chapter.2}% 36
\BOOKMARK [2][-]{subsection.2.4.1}{\376\377\000t\000e\000s\000t\000\040\000t\000h\000e\000\040\000i\000n\000s\000t\000a\000l\000l\000a\000t\000i\000o\000n\000\040\000w\000i\000t\000h\000\040\000`\000n\000o\000s\000e\000`}{section.2.4}% 37
\BOOKMARK [2][-]{subsection.2.4.2}{\376\377\000t\000e\000s\000t\000\040\000c\000a\000s\000e\000s\000\040\000w\000i\000t\000h\000\040\000i\000n\000p\000u\000t\000\040\000f\000i\000l\000e\000s}{section.2.4}% 38
\BOOKMARK [0][-]{chapter.3}{\376\377\000U\000s\000e\000r\000\040\000g\000u\000i\000d\000e}{}% 39
\BOOKMARK [1][-]{section.3.1}{\376\377\000I\000n\000p\000u\000t\000\040\000f\000i\000l\000e\000s}{chapter.3}% 40
\BOOKMARK [2][-]{subsection.3.1.1}{\376\377\000I\000n\000p\000u\000t\000\040\000f\000i\000l\000e\000\040\000f\000o\000r\000m\000a\000t\000\040\000a\000n\000d\000\040\000s\000t\000r\000u\000c\000t\000u\000r\000e}{section.3.1}% 41
\BOOKMARK [3][-]{subsubsection.3.1.1.1}{\376\377\000O\000v\000e\000r\000r\000i\000d\000i\000n\000g\000\040\000d\000e\000f\000a\000u\000l\000t\000\040\000u\000n\000i\000t\000s}{subsection.3.1.1}% 42
\BOOKMARK [2][-]{subsection.3.1.2}{\376\377\000I\000n\000i\000t\000i\000a\000l\000i\000z\000a\000t\000i\000o\000n\000\040\000s\000e\000c\000t\000i\000o\000n}{section.3.1}% 43
\BOOKMARK [3][-]{subsubsection.3.1.2.1}{\376\377\000C\000o\000n\000f\000i\000g\000u\000r\000a\000t\000i\000o\000n\000\040\000f\000i\000l\000e\000s}{subsection.3.1.2}% 44
\BOOKMARK [3][-]{subsubsection.3.1.2.2}{\376\377\000I\000n\000i\000t\000i\000a\000l\000i\000z\000a\000t\000i\000o\000n\000\040\000f\000r\000o\000m\000\040\000c\000h\000e\000c\000k\000p\000o\000i\000n\000t\000\040\000f\000i\000l\000e\000s}{subsection.3.1.2}% 45
\BOOKMARK [1][-]{section.3.2}{\376\377\000O\000u\000t\000p\000u\000t\000\040\000f\000i\000l\000e\000s}{chapter.3}% 46
\BOOKMARK [2][-]{subsection.3.2.1}{\376\377\000P\000r\000o\000p\000e\000r\000t\000i\000e\000s}{section.3.2}% 47
\BOOKMARK [2][-]{subsection.3.2.2}{\376\377\000T\000r\000a\000j\000e\000c\000t\000o\000r\000y\000\040\000f\000i\000l\000e\000s}{section.3.2}% 48
\BOOKMARK [2][-]{subsection.3.2.3}{\376\377\000C\000h\000e\000c\000k\000p\000o\000i\000n\000t\000\040\000f\000i\000l\000e\000s}{section.3.2}% 49
\BOOKMARK [3][-]{subsubsection.3.2.3.1}{\376\377\000S\000o\000f\000t\000\040\000e\000x\000i\000t\000\040\000a\000n\000d\000\040\000R\000E\000S\000T\000A\000R\000T}{subsection.3.2.3}% 50
\BOOKMARK [1][-]{section.3.3}{\376\377\000D\000i\000s\000t\000r\000i\000b\000u\000t\000e\000d\000\040\000e\000x\000e\000c\000u\000t\000i\000o\000n}{chapter.3}% 51
\BOOKMARK [2][-]{subsection.3.3.1}{\376\377\000C\000o\000m\000m\000u\000n\000i\000c\000a\000t\000i\000o\000n\000\040\000p\000r\000o\000t\000o\000c\000o\000l}{section.3.3}% 52
\BOOKMARK [2][-]{subsection.3.3.2}{\376\377\000P\000a\000r\000a\000l\000l\000e\000l\000i\000z\000a\000t\000i\000o\000n}{section.3.3}% 53
\BOOKMARK [2][-]{subsection.3.3.3}{\376\377\000S\000o\000c\000k\000e\000t\000s}{section.3.3}% 54
\BOOKMARK [2][-]{subsection.3.3.4}{\376\377\000R\000u\000n\000n\000i\000n\000g\000\040\000i\000-\000P\000I\000\040\000o\000v\000e\000r\000\040\000t\000h\000e\000\040\000n\000e\000t\000w\000o\000r\000k}{section.3.3}% 55
\BOOKMARK [3][-]{subsubsection.3.3.4.1}{\376\377\000U\000n\000d\000e\000r\000s\000t\000a\000n\000d\000i\000n\000g\000\040\000t\000h\000e\000\040\000n\000e\000t\000w\000o\000r\000k\000\040\000l\000a\000y\000o\000u\000t}{subsection.3.3.4}% 56
\BOOKMARK [3][-]{subsubsection.3.3.4.2}{\376\377\000s\000s\000h\000\040\000t\000u\000n\000n\000e\000l\000l\000i\000n\000g}{subsection.3.3.4}% 57
\BOOKMARK [0][-]{chapter.4}{\376\377\000I\000n\000p\000u\000t\000\040\000r\000e\000f\000e\000r\000e\000n\000c\000e}{}% 58
\BOOKMARK [1][-]{section.4.1}{\376\377\000S\000I\000M\000U\000L\000A\000T\000I\000O\000N}{chapter.4}% 59
\BOOKMARK [1][-]{section.4.2}{\376\377\000F\000O\000R\000C\000E\000F\000I\000E\000L\000D}{chapter.4}% 60
\BOOKMARK [1][-]{section.4.3}{\376\377\000F\000F\000S\000O\000C\000K\000E\000T}{chapter.4}% 61
\BOOKMARK [1][-]{section.4.4}{\376\377\000S\000Y\000S\000T\000E\000M}{chapter.4}% 62
\BOOKMARK [1][-]{section.4.5}{\376\377\000M\000O\000T\000I\000O\000N}{chapter.4}% 63
\BOOKMARK [1][-]{section.4.6}{\376\377\000D\000Y\000N\000A\000M\000I\000C\000S}{chapter.4}% 64
\BOOKMARK [1][-]{section.4.7}{\376\377\000I\000N\000I\000T\000I\000A\000L\000I\000Z\000E\000R}{chapter.4}% 65
\BOOKMARK [1][-]{section.4.8}{\376\377\000I\000N\000I\000T\000F\000I\000L\000E}{chapter.4}% 66
\BOOKMARK [1][-]{section.4.9}{\376\377\000I\000N\000I\000T\000P\000O\000S\000I\000T\000I\000O\000N\000S}{chapter.4}% 67
\BOOKMARK [1][-]{section.4.10}{\376\377\000I\000N\000I\000T\000M\000O\000M\000E\000N\000T\000A}{chapter.4}% 68
\BOOKMARK [1][-]{section.4.11}{\376\377\000I\000N\000I\000T\000V\000E\000L\000O\000C\000I\000T\000I\000E\000S}{chapter.4}% 69
\BOOKMARK [1][-]{section.4.12}{\376\377\000I\000N\000I\000T\000L\000A\000B\000E\000L\000S}{chapter.4}% 70
\BOOKMARK [1][-]{section.4.13}{\376\377\000I\000N\000I\000T\000M\000A\000S\000S\000E\000S}{chapter.4}% 71
\BOOKMARK [1][-]{section.4.14}{\376\377\000I\000N\000I\000T\000C\000E\000L\000L}{chapter.4}% 72
\BOOKMARK [1][-]{section.4.15}{\376\377\000I\000N\000I\000T\000T\000H\000E\000R\000M\000O}{chapter.4}% 73
\BOOKMARK [1][-]{section.4.16}{\376\377\000E\000N\000S\000E\000M\000B\000L\000E}{chapter.4}% 74
\BOOKMARK [1][-]{section.4.17}{\376\377\000F\000O\000R\000C\000E\000S}{chapter.4}% 75
\BOOKMARK [1][-]{section.4.18}{\376\377\000F\000O\000R\000C\000E\000C\000O\000M\000P\000O\000N\000E\000N\000T}{chapter.4}% 76
\BOOKMARK [1][-]{section.4.19}{\376\377\000C\000E\000L\000L}{chapter.4}% 77
\BOOKMARK [1][-]{section.4.20}{\376\377\000B\000E\000A\000D\000S}{chapter.4}% 78
\BOOKMARK [1][-]{section.4.21}{\376\377\000A\000T\000O\000M\000S}{chapter.4}% 79
\BOOKMARK [1][-]{section.4.22}{\376\377\000N\000O\000R\000M\000A\000L\000M\000O\000D\000E\000S}{chapter.4}% 80
\BOOKMARK [1][-]{section.4.23}{\376\377\000B\000A\000R\000O\000S\000T\000A\000T}{chapter.4}% 81
\BOOKMARK [1][-]{section.4.24}{\376\377\000T\000H\000E\000R\000M\000O\000S\000T\000A\000T\000S}{chapter.4}% 82
\BOOKMARK [1][-]{section.4.25}{\376\377\000P\000R\000N\000G}{chapter.4}% 83
\BOOKMARK [1][-]{section.4.26}{\376\377\000O\000U\000T\000P\000U\000T\000S}{chapter.4}% 84
\BOOKMARK [1][-]{section.4.27}{\376\377\000C\000H\000E\000C\000K\000P\000O\000I\000N\000T}{chapter.4}% 85
\BOOKMARK [1][-]{section.4.28}{\376\377\000P\000R\000O\000P\000E\000R\000T\000I\000E\000S}{chapter.4}% 86
\BOOKMARK [1][-]{section.4.29}{\376\377\000T\000R\000A\000J\000E\000C\000T\000O\000R\000Y}{chapter.4}% 87
\BOOKMARK [0][-]{chapter.5}{\376\377\000A\000\040\000s\000i\000m\000p\000l\000e\000\040\000t\000u\000t\000o\000r\000i\000a\000l}{}% 88
\BOOKMARK [1][-]{section.5.1}{\376\377\000P\000a\000r\000t\000\040\0001\000\040\000-\000\040\000N\000V\000T\000\040\000E\000q\000u\000i\000l\000i\000b\000r\000a\000t\000i\000o\000n\000\040\000r\000u\000n}{chapter.5}% 89
\BOOKMARK [2][-]{subsection.5.1.1}{\376\377\000C\000l\000i\000e\000n\000t\000\040\000c\000o\000d\000e}{section.5.1}% 90
\BOOKMARK [2][-]{subsection.5.1.2}{\376\377\000C\000r\000e\000a\000t\000i\000n\000g\000\040\000t\000h\000e\000\040\000x\000m\000l\000\040\000i\000n\000p\000u\000t\000\040\000f\000i\000l\000e}{section.5.1}% 91
\BOOKMARK [3][-]{subsubsection.5.1.2.1}{\376\377\000I\000n\000i\000t\000i\000a\000l\000i\000z\000i\000n\000g\000\040\000t\000h\000e\000\040\000c\000o\000n\000f\000i\000g\000u\000r\000a\000t\000i\000o\000n\000s}{subsection.5.1.2}% 92
\BOOKMARK [3][-]{subsubsection.5.1.2.2}{\376\377\000C\000r\000e\000a\000t\000i\000n\000g\000\040\000t\000h\000e\000\040\000s\000e\000r\000v\000e\000r\000\040\000s\000o\000c\000k\000e\000t}{subsection.5.1.2}% 93
\BOOKMARK [3][-]{subsubsection.5.1.2.3}{\376\377\000G\000e\000n\000e\000r\000a\000t\000i\000n\000g\000\040\000t\000h\000e\000\040\000c\000o\000r\000r\000e\000c\000t\000\040\000d\000y\000n\000a\000m\000i\000c\000s}{subsection.5.1.2}% 94
\BOOKMARK [3][-]{subsubsection.5.1.2.4}{\376\377\000C\000u\000s\000t\000o\000m\000i\000z\000i\000n\000g\000\040\000t\000h\000e\000\040\000o\000u\000t\000p\000u\000t}{subsection.5.1.2}% 95
\BOOKMARK [2][-]{subsection.5.1.3}{\376\377\000R\000u\000n\000n\000i\000n\000g\000\040\000t\000h\000e\000\040\000s\000i\000m\000u\000l\000a\000t\000i\000o\000n}{section.5.1}% 96
\BOOKMARK [2][-]{subsection.5.1.4}{\376\377\000O\000u\000t\000p\000u\000t\000\040\000d\000a\000t\000a}{section.5.1}% 97
\BOOKMARK [1][-]{section.5.2}{\376\377\000P\000a\000r\000t\000\040\0002\000\040\000-\000\040\000N\000P\000T\000\040\000s\000i\000m\000u\000l\000a\000t\000i\000o\000n}{chapter.5}% 98
\BOOKMARK [2][-]{subsection.5.2.1}{\376\377\000M\000o\000d\000i\000f\000y\000i\000n\000g\000\040\000t\000h\000e\000\040\000R\000E\000S\000T\000A\000R\000T\000\040\000f\000i\000l\000e}{section.5.2}% 99
\BOOKMARK [2][-]{subsection.5.2.2}{\376\377\000I\000n\000i\000t\000i\000a\000l\000i\000z\000a\000t\000i\000o\000n\000\040\000f\000r\000o\000m\000\040\000R\000E\000S\000T\000A\000R\000T}{section.5.2}% 100
\BOOKMARK [2][-]{subsection.5.2.3}{\376\377\000R\000u\000n\000n\000i\000n\000g\000\040\000t\000h\000e\000\040\000s\000i\000m\000u\000l\000a\000t\000i\000o\000n}{section.5.2}% 101
\BOOKMARK [1][-]{section.5.3}{\376\377\000P\000a\000r\000t\000\040\0003\000\040\000-\000\040\000A\000\040\000f\000u\000l\000l\000y\000\040\000c\000o\000n\000v\000e\000r\000g\000e\000d\000\040\000s\000i\000m\000u\000l\000a\000t\000i\000o\000n}{chapter.5}% 102
\BOOKMARK [0][-]{chapter.6}{\376\377\000T\000r\000o\000u\000b\000l\000e\000s\000h\000o\000o\000t\000i\000n\000g}{}% 103
\BOOKMARK [1][-]{section.6.1}{\376\377\000I\000n\000p\000u\000t\000\040\000e\000r\000r\000o\000r\000s}{chapter.6}% 104
\BOOKMARK [1][-]{section.6.2}{\376\377\000I\000n\000i\000t\000i\000a\000l\000i\000z\000a\000t\000i\000o\000n\000\040\000e\000r\000r\000o\000r\000s}{chapter.6}% 105
\BOOKMARK [1][-]{section.6.3}{\376\377\000O\000u\000t\000p\000u\000t\000\040\000e\000r\000r\000o\000r\000s}{chapter.6}% 106
\BOOKMARK [1][-]{section.6.4}{\376\377\000S\000o\000c\000k\000e\000t\000\040\000e\000r\000r\000o\000r\000s}{chapter.6}% 107
\BOOKMARK [1][-]{section.6.5}{\376\377\000M\000a\000t\000h\000e\000m\000a\000t\000i\000c\000a\000l\000\040\000e\000r\000r\000o\000r\000s}{chapter.6}% 108
